Determining if the pthread_create exist failed with the following output:
Change Dir: /home/tony1/.vim/bundle/YouCompleteMe/ycm_build/CMakeFiles/CMakeTmp

Run Build Command:/usr/bin/make "cmTryCompileExec1529209817/fast"
/usr/bin/make -f CMakeFiles/cmTryCompileExec1529209817.dir/build.make CMakeFiles/cmTryCompileExec1529209817.dir/build
make[1]: Entering directory `/media/sda3/Dropbox/productivity/vim/.vim/bundle/YouCompleteMe/ycm_build/CMakeFiles/CMakeTmp'
/usr/bin/cmake -E cmake_progress_report /home/tony1/.vim/bundle/YouCompleteMe/ycm_build/CMakeFiles/CMakeTmp/CMakeFiles 1
Building C object CMakeFiles/cmTryCompileExec1529209817.dir/CheckSymbolExists.c.o
/usr/bin/gcc    -o CMakeFiles/cmTryCompileExec1529209817.dir/CheckSymbolExists.c.o   -c /home/tony1/.vim/bundle/YouCompleteMe/ycm_build/CMakeFiles/CMakeTmp/CheckSymbolExists.c
Linking C executable cmTryCompileExec1529209817
/usr/bin/cmake -E cmake_link_script CMakeFiles/cmTryCompileExec1529209817.dir/link.txt --verbose=1
/usr/bin/gcc         CMakeFiles/cmTryCompileExec1529209817.dir/CheckSymbolExists.c.o  -o cmTryCompileExec1529209817 -rdynamic 
CMakeFiles/cmTryCompileExec1529209817.dir/CheckSymbolExists.c.o: In function `main':
CheckSymbolExists.c:(.text+0x16): undefined reference to `pthread_create'
collect2: error: ld returned 1 exit status
make[1]: *** [cmTryCompileExec1529209817] Error 1
make[1]: Leaving directory `/media/sda3/Dropbox/productivity/vim/.vim/bundle/YouCompleteMe/ycm_build/CMakeFiles/CMakeTmp'
make: *** [cmTryCompileExec1529209817/fast] Error 2

File /home/tony1/.vim/bundle/YouCompleteMe/ycm_build/CMakeFiles/CMakeTmp/CheckSymbolExists.c:
/* */
#include <pthread.h>

int main(int argc, char** argv)
{
  (void)argv;
#ifndef pthread_create
  return ((int*)(&pthread_create))[argc];
#else
  (void)argc;
  return 0;
#endif
}

Determining if the function pthread_create exists in the pthreads failed with the following output:
Change Dir: /home/tony1/.vim/bundle/YouCompleteMe/ycm_build/CMakeFiles/CMakeTmp

Run Build Command:/usr/bin/make "cmTryCompileExec2785679063/fast"
/usr/bin/make -f CMakeFiles/cmTryCompileExec2785679063.dir/build.make CMakeFiles/cmTryCompileExec2785679063.dir/build
make[1]: Entering directory `/media/sda3/Dropbox/productivity/vim/.vim/bundle/YouCompleteMe/ycm_build/CMakeFiles/CMakeTmp'
/usr/bin/cmake -E cmake_progress_report /home/tony1/.vim/bundle/YouCompleteMe/ycm_build/CMakeFiles/CMakeTmp/CMakeFiles 1
Building C object CMakeFiles/cmTryCompileExec2785679063.dir/CheckFunctionExists.c.o
/usr/bin/gcc   -DCHECK_FUNCTION_EXISTS=pthread_create   -o CMakeFiles/cmTryCompileExec2785679063.dir/CheckFunctionExists.c.o   -c /usr/share/cmake-2.8/Modules/CheckFunctionExists.c
Linking C executable cmTryCompileExec2785679063
/usr/bin/cmake -E cmake_link_script CMakeFiles/cmTryCompileExec2785679063.dir/link.txt --verbose=1
/usr/bin/gcc     -DCHECK_FUNCTION_EXISTS=pthread_create    CMakeFiles/cmTryCompileExec2785679063.dir/CheckFunctionExists.c.o  -o cmTryCompileExec2785679063 -rdynamic -lpthreads 
/usr/bin/ld: cannot find -lpthreads
collect2: error: ld returned 1 exit status
make[1]: *** [cmTryCompileExec2785679063] Error 1
make[1]: Leaving directory `/media/sda3/Dropbox/productivity/vim/.vim/bundle/YouCompleteMe/ycm_build/CMakeFiles/CMakeTmp'
make: *** [cmTryCompileExec2785679063/fast] Error 2


